<?xml version="1.0" encoding="UTF-8"?>
<!-- Generated by org.testng.reporters.JUnitXMLReporter -->
<testsuite hostname="ULTP_434" name="Test" tests="3" failures="1" timestamp="17 Nov 2018 06:26:07 GMT" time="21.558" errors="0">
  <testcase name="OpenCRMApp" time="21.065" classname="test.LoginCRMApplication"/>
  <testcase name="VerifyForgetPassword" time="0.019" classname="test.LoginCRMApplication">
    <failure type="java.lang.NullPointerException">
      <![CDATA[java.lang.NullPointerException
	at browser.SeleniumAction.getText(SeleniumAction.java:29)
	at ObjectRepository.LoginPage.verifyForgetPassword(LoginPage.java:43)
	at test.LoginCRMApplication.VerifyForgetPassword(LoginCRMApplication.java:39)
... Removed 24 stack frames]]>
    </failure>
  </testcase> <!-- VerifyForgetPassword -->
  <testcase name="LoginWithValidCredential" time="0.0" classname="test.LoginCRMApplication">
    <skipped/>
  </testcase> <!-- LoginWithValidCredential -->
</testsuite> <!-- Test -->
