<?xml version="1.0" encoding="UTF-8"?>
<testng-results skipped="0" failed="0" total="1" passed="1">
  <reporter-output>
  </reporter-output>
  <suite name="Default suite" duration-ms="68117" started-at="2018-11-18T06:18:09Z" finished-at="2018-11-18T06:19:17Z">
    <groups>
    </groups>
    <test name="Default test" duration-ms="68117" started-at="2018-11-18T06:18:09Z" finished-at="2018-11-18T06:19:17Z">
      <class name="test.NewTest">
        <test-method status="PASS" signature="f()[pri:0, instance:test.NewTest@39aeed2f]" name="f" duration-ms="68092" started-at="2018-11-18T11:48:09Z" finished-at="2018-11-18T11:49:17Z">
          <reporter-output>
          </reporter-output>
        </test-method> <!-- f -->
      </class> <!-- test.NewTest -->
    </test> <!-- Default test -->
  </suite> <!-- Default suite -->
</testng-results>
